\BOOKMARK [0][-]{chapter.1}{Cr\351er une application}{}
\BOOKMARK [1][-]{section.1.1}{Cr\351er la base de donn\351es}{chapter.1}
\BOOKMARK [1][-]{section.1.2}{Cr\351er les formulaires}{chapter.1}
\BOOKMARK [1][-]{section.1.3}{Personnaliser son application}{chapter.1}
\BOOKMARK [1][-]{section.1.4}{Modifier la base et re g\351n\351rer}{chapter.1}
\BOOKMARK [1][-]{section.1.5}{Cr\351er ses \351tats}{chapter.1}
\BOOKMARK [0][-]{chapter.2}{Le framework}{}
\BOOKMARK [1][-]{section.2.1}{Param\351trage du framework}{chapter.2}
\BOOKMARK [1][-]{section.2.2}{Afficher les tables}{chapter.2}
\BOOKMARK [1][-]{section.2.3}{Les formulaires}{chapter.2}
\BOOKMARK [1][-]{section.2.4}{La m\351thode}{chapter.2}
\BOOKMARK [1][-]{section.2.5}{Les \351ditions}{chapter.2}
\BOOKMARK [1][-]{section.2.6}{Les requ\352tes memoris\351es}{chapter.2}
\BOOKMARK [1][-]{section.2.7}{La gestion des acc\350s}{chapter.2}
\BOOKMARK [1][-]{section.2.8}{L'ergonomie}{chapter.2}
\BOOKMARK [1][-]{section.2.9}{Les utilitaires}{chapter.2}
\BOOKMARK [1][-]{section.2.10}{Importer des donn\351es en csv}{chapter.2}
\BOOKMARK [1][-]{section.2.11}{Int\351grer le syst\350me information geographique}{chapter.2}
\BOOKMARK [0][-]{chapter.3}{Le g\351n\351rateur}{}
\BOOKMARK [1][-]{section.3.1}{G\351n\351rateur}{chapter.3}
\BOOKMARK [0][-]{chapter.4}{R\350gles et outils}{}
\BOOKMARK [1][-]{section.4.1}{Les r\350gles de codage}{chapter.4}
\BOOKMARK [1][-]{section.4.2}{Le versionning du code et la version des applications}{chapter.4}
\BOOKMARK [1][-]{section.4.3}{Les outils du d\351veloppeur}{chapter.4}
\BOOKMARK [0][-]{chapter.5}{Contributeurs}{}
